{
  "RSpec": {
    "coverage": {
      "/Users/dku/Documents/rails_project/Rails_Anadea/app/models/article.rb": [
        1,
        1,
        1,
        1,
        1,
        null
      ],
      "/Users/dku/Documents/rails_project/Rails_Anadea/app/controllers/application_controller.rb": [
        1,
        null,
        null,
        1,
        null,
        1,
        1,
        null,
        1,
        null,
        1,
        null,
        21,
        null,
        15,
        null,
        null,
        null,
        null,
        null,
        11,
        null,
        null,
        null,
        1,
        9,
        null,
        null,
        1,
        4,
        null,
        null,
        1,
        1,
        null,
        null,
        null
      ],
      "/Users/dku/Documents/rails_project/Rails_Anadea/app/controllers/articles_controller.rb": [
        1,
        1,
        null,
        null,
        null,
        1,
        9,
        null,
        null,
        null,
        null,
        1,
        null,
        null,
        null,
        1,
        1,
        null,
        null,
        null,
        1,
        null,
        null,
        null,
        null,
        1,
        1,
        1,
        1,
        2,
        null,
        null,
        0,
        0,
        0,
        null,
        null,
        null,
        null,
        null,
        null,
        null,
        null,
        1,
        0,
        0,
        0,
        0,
        null,
        0,
        0,
        null,
        null,
        null,
        null,
        null,
        null,
        1,
        0,
        0,
        0,
        0,
        null,
        null,
        null,
        1,
        null,
        1,
        1,
        null,
        null,
        null,
        1,
        1,
        null,
        null
      ],
      "/Users/dku/Documents/rails_project/Rails_Anadea/app/models/category.rb": [
        1,
        1,
        null
      ],
      "/Users/dku/Documents/rails_project/Rails_Anadea/app/models/sub_article.rb": [
        1,
        1,
        1,
        null,
        1,
        null
      ]
    },
    "timestamp": 1434524258
  }
}
