{
  "RSpec": {
    "coverage": {
      "/Users/eum/Projects/rails_project/Rails_Anadea/app/models/article.rb": [
        1,
        1,
        1,
        1,
        1,
        null
      ],
      "/Users/eum/Projects/rails_project/Rails_Anadea/app/models/category.rb": [
        1,
        1,
        null
      ],
      "/Users/eum/Projects/rails_project/Rails_Anadea/app/models/sub_article.rb": [
        1,
        1,
        1,
        null,
        1,
        null
      ],
      "/Users/eum/Projects/rails_project/Rails_Anadea/app/controllers/articles_controller.rb": [
        1,
        1,
        null,
        null,
        null,
        1,
        1,
        null,
        null,
        null,
        null,
        1,
        null,
        null,
        null,
        1,
        0,
        null,
        null,
        null,
        1,
        null,
        null,
        null,
        null,
        1,
        0,
        null,
        0,
        0,
        0,
        null,
        null,
        0,
        0,
        0,
        null,
        null,
        null,
        null,
        null,
        null,
        null,
        null,
        1,
        0,
        0,
        0,
        0,
        null,
        0,
        0,
        null,
        null,
        null,
        null,
        null,
        null,
        1,
        0,
        0,
        0,
        0,
        null,
        null,
        null,
        1,
        null,
        1,
        0,
        null,
        null,
        null,
        1,
        0,
        null,
        null
      ],
      "/Users/eum/Projects/rails_project/Rails_Anadea/app/controllers/application_controller.rb": [
        1,
        null,
        null,
        1,
        null,
        1,
        1,
        null,
        1,
        null,
        1,
        null,
        1,
        null,
        1,
        null,
        null,
        null,
        null,
        null,
        1,
        null,
        null,
        null,
        1,
        0,
        null,
        null,
        1,
        0,
        null,
        null,
        1,
        0,
        null,
        null,
        null
      ]
    },
    "timestamp": 1434369219
  }
}
